<?xml version="1.0" encoding="UTF-8"?>
<testsuite name="com.tekarch.AccountsMS.AccountsMsApplicationTests" tests="1" skipped="0" failures="0" errors="0" timestamp="2025-01-15T03:34:45" hostname="MacBookPro" time="0.549">
  <properties/>
  <testcase name="contextLoads()" classname="com.tekarch.AccountsMS.AccountsMsApplicationTests" time="0.549"/>
  <system-out><![CDATA[22:34:40.684 [Test worker] INFO org.springframework.test.context.support.AnnotationConfigContextLoaderUtils -- Could not detect default configuration classes for test class [com.tekarch.AccountsMS.AccountsMsApplicationTests]: AccountsMsApplicationTests does not declare any static, non-private, non-final, nested classes annotated with @Configuration.
22:34:40.788 [Test worker] INFO org.springframework.boot.test.context.SpringBootTestContextBootstrapper -- Found @SpringBootConfiguration com.tekarch.AccountsMS.AccountsMsApplication for test class com.tekarch.AccountsMS.AccountsMsApplicationTests

  .   ____          _            __ _ _
 /\\ / ___'_ __ _ _(_)_ __  __ _ \ \ \ \
( ( )\___ | '_ | '_| | '_ \/ _` | \ \ \ \
 \\/  ___)| |_)| | | | | || (_| |  ) ) ) )
  '  |____| .__|_| |_|_| |_\__, | / / / /
 =========|_|==============|___/=/_/_/_/

 :: Spring Boot ::                (v3.4.1)

2025-01-14T22:34:41.172-05:00  INFO 30251 --- [AccountsMS] [    Test worker] c.t.A.AccountsMsApplicationTests         : Starting AccountsMsApplicationTests using Java 17.0.12 with PID 30251 (started by bipanakoirala in /Users/bipanakoirala/AssignmentCode/Nov24JavaAccountsMS)
2025-01-14T22:34:41.174-05:00  INFO 30251 --- [AccountsMS] [    Test worker] c.t.A.AccountsMsApplicationTests         : No active profile set, falling back to 1 default profile: "default"
2025-01-14T22:34:41.778-05:00  INFO 30251 --- [AccountsMS] [    Test worker] .s.d.r.c.RepositoryConfigurationDelegate : Bootstrapping Spring Data JPA repositories in DEFAULT mode.
2025-01-14T22:34:41.829-05:00  INFO 30251 --- [AccountsMS] [    Test worker] .s.d.r.c.RepositoryConfigurationDelegate : Finished Spring Data repository scanning in 41 ms. Found 1 JPA repository interface.
2025-01-14T22:34:42.216-05:00  INFO 30251 --- [AccountsMS] [    Test worker] o.hibernate.jpa.internal.util.LogHelper  : HHH000204: Processing PersistenceUnitInfo [name: default]
2025-01-14T22:34:42.264-05:00  INFO 30251 --- [AccountsMS] [    Test worker] org.hibernate.Version                    : HHH000412: Hibernate ORM core version 6.6.4.Final
2025-01-14T22:34:42.298-05:00  INFO 30251 --- [AccountsMS] [    Test worker] o.h.c.internal.RegionFactoryInitiator    : HHH000026: Second-level cache disabled
2025-01-14T22:34:42.578-05:00  INFO 30251 --- [AccountsMS] [    Test worker] o.s.o.j.p.SpringPersistenceUnitInfo      : No LoadTimeWeaver setup: ignoring JPA class transformer
2025-01-14T22:34:42.609-05:00  INFO 30251 --- [AccountsMS] [    Test worker] com.zaxxer.hikari.HikariDataSource       : HikariPool-1 - Starting...
2025-01-14T22:34:43.141-05:00  INFO 30251 --- [AccountsMS] [    Test worker] com.zaxxer.hikari.pool.HikariPool        : HikariPool-1 - Added connection com.mysql.cj.jdbc.ConnectionImpl@343db2f6
2025-01-14T22:34:43.143-05:00  INFO 30251 --- [AccountsMS] [    Test worker] com.zaxxer.hikari.HikariDataSource       : HikariPool-1 - Start completed.
2025-01-14T22:34:43.270-05:00  WARN 30251 --- [AccountsMS] [    Test worker] org.hibernate.orm.deprecation            : HHH90000025: MySQLDialect does not need to be specified explicitly using 'hibernate.dialect' (remove the property setting and it will be selected by default)
2025-01-14T22:34:43.290-05:00  INFO 30251 --- [AccountsMS] [    Test worker] org.hibernate.orm.connections.pooling    : HHH10001005: Database info:
	Database JDBC URL [Connecting through datasource 'HikariDataSource (HikariPool-1)']
	Database driver: undefined/unknown
	Database version: 8.0.39
	Autocommit mode: undefined/unknown
	Isolation level: undefined/unknown
	Minimum pool size: undefined/unknown
	Maximum pool size: undefined/unknown
2025-01-14T22:34:44.080-05:00  INFO 30251 --- [AccountsMS] [    Test worker] o.h.e.t.j.p.i.JtaPlatformInitiator       : HHH000489: No JTA platform available (set 'hibernate.transaction.jta.platform' to enable JTA platform integration)
Hibernate: alter table accounts modify column balance DECIMAL(15,2) DEFAULT 0.0
2025-01-14T22:34:44.391-05:00  INFO 30251 --- [AccountsMS] [    Test worker] j.LocalContainerEntityManagerFactoryBean : Initialized JPA EntityManagerFactory for persistence unit 'default'
2025-01-14T22:34:44.691-05:00  WARN 30251 --- [AccountsMS] [    Test worker] JpaBaseConfiguration$JpaWebConfiguration : spring.jpa.open-in-view is enabled by default. Therefore, database queries may be performed during view rendering. Explicitly configure spring.jpa.open-in-view to disable this warning
2025-01-14T22:34:44.994-05:00  INFO 30251 --- [AccountsMS] [    Test worker] c.t.A.AccountsMsApplicationTests         : Started AccountsMsApplicationTests in 4.046 seconds (process running for 5.171)
]]></system-out>
  <system-err><![CDATA[]]></system-err>
</testsuite>
